*------------------------------------------------------------------------------*
*          GIN3D: GPU-accelerated Incompressible Navier-Stokes Solver          *
*------------------------------------------------------------------------------*
*   GIN3D is developed by the team members of the High Performance Simulation  *
*   Laboratory for Thermo-Fluids at Boise State University since 2007.         *
*   Contributors: Julien Thibault, Dana Jacobsen, Rey DeLeon, Clancy Umphrey,  *
*                 Inanc Senocak                                                *
*   The current version is intended for educational purposes only.             *
*------------------------------------------------------------------------------*

Run started at local time: Mon Jul 24 17:27:28 2017

Process 0/1 on node-23 using GPU 1/2 : Quadro K5200 (7679.312MB)
Process 1/1 on node-23 using GPU 2/2 : Quadro K5200 (7679.562MB)

Binary file RHSX written for timestep      0 (0.000000s)
Binary file RHSY written for timestep      0 (0.000000s)
Binary file RHSZ written for timestep      0 (0.000000s)
Binary file U written for timestep      0 (0.000000s)
Binary file V written for timestep      0 (0.000000s)
Binary file W written for timestep      0 (0.000000s)
Binary file P written for timestep      0 (0.000000s)
VTK written for timestep      0 (0.000000s)
Configuration:
#Output Setup
OutputFormat                  Binary
OutputFormat                  VTK
OutputPath                    results
OutputPrefix                  Cylinder
OutputFrequencyVTK1           100000
OutputFrequencyVTK2           5000000
OutputFrequencyVTKSwitch      2500000
OutputFrequencyText1          100000
OutputFrequencyText2          100000
OutputFrequencyTextSwitch     2500000
OutputTimeIntervalVTK1        10.000000
OutputTimeIntervalVTK2        5.000000
OutputTimeIntervalVTKSwitch   150.000000
OutputTimeIntervalText1       100000.000000
OutputTimeIntervalText2       500000.000000
OutputTimeIntervalTextSwitch  10000000.000000
OutputVariablesVTK            u p g z 
OutputVariablesTXT            u p 
MatrixData                    u
OutputPlane                   Mesh
OutputSlice                   0.500
Vorticity                     True
PrecursorSim                  False

#Mesh Definition
Grid                257 17 257
Dimensions          50.000000 0.500000 40.000000
ReferenceLength     1.000000

#Navier-Stokes Solver Parameters
Nu                          0.0100000
AdvectionScheme             0.0000000
CFL                         0.4000000
DTStability                 0.4000000
TimeMethod                  AdamsBash
StopTime                    250.000000
ConstTimeStep               -0.0015000
PressureCorrection          False
Forcing                     0.0000000 0.0000000 0.0000000
NumberForcingSegments       0

#Domain Boundary Conditions
Face_West                  Inlet
Face_East                  Outlet
Face_South                 Periodic
Face_North                 Periodic
Face_Bottom                FreeSlip
Face_Top                   FreeSlip
InletVelocities            1.0000000 0.0000000 0.0000000
OutletVelocities           1.0000000 0.0000000 0.0000000
ManualSetOutflowVelocity   False
PeriodicShift              0.000000
RecycleForInflow           False
RecycleUpdateTime          0.000000
RecyclePlaneX              0
RecyclePlaneY              0
ConstantMassFlowRate       False
NumberForcingRegions       1
ForcingRegionBounds        0.0 0.0
ForcingRegionFlowRate      0.0 0.0 0.0
Velocity_Reference         1.0000000
Roughness                  0.000100
DBStart                    0

PerturbTurbInflow          False

#Pressure Solver Setup
SolverMethod            Multigrid
MG_Cycle                V
MG_Smoother             Jacobi
MG_Loops                2
MG_Levels               3
MG_Jacobi_Weight        0.860
MG_SOR_Weight           1.000
MG_Smoother_Iterations  4 2

#Turbulence Parameters
TurbulenceModel     Laminar
TurbCS              0.1000000
FrictionVelocity    0.3470000
Zeta                3.0000000

#Complex Geometry
Obstruction       IB 0 190 190 231
IBNodeFile_U      /scratch/dustinma/ginTrialRun/bin/Cylinder/Cylinder_50mx0.5mx40m_513-17-513_ibnode_u.txt
IBNodeFile_V      /scratch/dustinma/ginTrialRun/bin/Cylinder/Cylinder_50mx0.5mx40m_513-17-513_ibnode_v.txt
IBNodeFile_W      /scratch/dustinma/ginTrialRun/bin/Cylinder/Cylinder_50mx0.5mx40m_513-17-513_ibnode_w.txt
IBNodeFile_S      /scratch/dustinma/ginTrialRun/bin/Cylinder/Cylinder_50mx0.5mx40m_513-17-513_ibnode_s.txt
IBFlagFile_U      /scratch/dustinma/ginTrialRun/bin/Cylinder/Cylinder_50mx0.5mx40m_513-17-513_flag_u.txt
IBFlagFile_V      /scratch/dustinma/ginTrialRun/bin/Cylinder/Cylinder_50mx0.5mx40m_513-17-513_flag_v.txt
IBFlagFile_W      /scratch/dustinma/ginTrialRun/bin/Cylinder/Cylinder_50mx0.5mx40m_513-17-513_flag_w.txt
IBFlagFile_S      /scratch/dustinma/ginTrialRun/bin/Cylinder/Cylinder_50mx0.5mx40m_513-17-513_flag_s.txt
DistanceField     /scratch/dustinma/ginTrialRun/bin/Cylinder/Cylinder_50mx0.5mx40m_513-17-513_distfield.dat
IBReconstruction Linear

#Initial Conditions
InitialCondition    ZeroField
VelocityUniformHeight      0.000000

#Temperature
SolveTemperature  False

#Time Series Options
EnsembleAvg         True
TurbStats               m 
StartingTime           18000.000000

#Variable Tracking
TrackInterval      0.007843
TrackCoordinates   0


Other Information:
   Total time steps requested = 1000000
   Single precision math
   CUDA thread block size: [32 16]   grid size [9 2 257]
   Padded Mesh: [NX NY NZ] = [288 32 257]
   Pressure Solver:
      Multigrid V-cycle 3 levels, 2 loops
      Weighted Jacobi  w=0.86  4,2 iterations

   [dx dy dz] = [0.196078434587 0.033333335072 0.156862750649]
   Reynolds                 100.00 (V_ref = 1.000000, L_ref = 1.000000)
   Prandtl                  350.140045
   Rayleigh                 0.000000
   Grashof                  0.000000
   Initial Temperature      371.575012
   Filter width             0.100835
   RANS Transition Height   0.605007


Single precision calculations
Features enabled (disabled if not listed):
 - Using CUDA Events
 - Intermediate output enabled
 - Initial condition output enabled
 - Final output enabled
 - Time step output enabled
 - Temperature solution enabled
 - Smagorinsky model enabled
 - Lagrangian Dynamic model enabled
 - Smagorinsky / RANS model enabled
 - Lagrangian Dynamic / RANS model enabled
 - Mason Thomson model enabled
 - Blended RANS/LES transition
      Exponential blending function
      Blended mixing lengths formulation
 - Two-point reconstruction immersed boundary method
 - Schumann Wall Model enabled
      Wall model evaluated at 3 grid points off wall
      Wall-parallel velocity components only for wall model
 - Constant mass flow rate correction enabled
 - Shear stress output enabled
 - Temperature perturbation turbulent inflow enabled
      Transport equation for perturbed temperature enabled
      Perturbation applied via source term in transport equation
      Amplitude normalized by update interval
      Local velocity update intervals for perturbed temperature inflow enabled
      Ri amplitude formulation for perturbed temperature inflow enabled
      Average velocity formulation
      Partial domain velocity-temperature coupling for perturbed temperature inflow enabled
         Partial domain is 2 times perturbation zone depth
 - Actuator disk model non-rotational enabled

--------------- 

Hard-coded constants:
  - Log Law Intercept:     5.2000000000000002
  - Inverse von Karman:    2.4390243902439024

--------------- 

Simulations GIN3D is ready for:
 - Laminar Flow with the following immersed boundary schemes: 
       two-point 
 - LES of Turbulent Flow with the following immersed boundary schemes: 
       two-point 
 - Hybrid RANS/LES of Turbulent Flow with the following immersed boundary schemes: 
       two-point 


Maximum memory allocated on a GPU: 92.181MB
Memory Allocation Per GPU:
    Proc 0: 91.474MB  Proc 1: 92.181MB
Memory Allocation Breakdown (Individual GPU):
  Full Grids (20):
    Proc 0: 91.406MB  Proc 1: 92.109MB
  Planes:        0.035MB 
  Ref. Points:   0.000MB 
  Profiles:      0.000MB 
  IB Nodes:
    Proc 0: 0.032MB  Proc 1: 0.036MB

VTK written for timestep   1417 (10.005933s)
VTK written for timestep   2811 (20.011166s)
VTK written for timestep   4215 (30.016855s)
VTK written for timestep   5619 (40.022545s)
VTK written for timestep   7023 (50.028233s)
VTK written for timestep   8427 (60.033924s)
VTK written for timestep   9831 (70.039612s)
VTK written for timestep  11235 (80.045303s)
VTK written for timestep  12639 (90.050995s)
VTK written for timestep  14043 (100.056679s)
VTK written for timestep  15447 (110.062370s)
VTK written for timestep  16851 (120.068062s)
VTK written for timestep  18255 (130.073746s)
VTK written for timestep  19659 (140.079437s)
VTK written for timestep  21052 (150.006744s)
VTK written for timestep  21754 (155.009583s)
VTK written for timestep  22456 (160.012421s)
VTK written for timestep  23158 (165.015274s)
VTK written for timestep  23860 (170.018112s)
VTK written for timestep  24562 (175.020966s)
VTK written for timestep  25264 (180.023804s)
VTK written for timestep  25966 (185.026657s)
VTK written for timestep  26668 (190.029495s)
VTK written for timestep  27370 (195.032333s)
VTK written for timestep  28072 (200.035187s)
VTK written for timestep  28774 (205.038025s)
VTK written for timestep  29476 (210.040878s)
VTK written for timestep  30178 (215.043716s)
VTK written for timestep  30880 (220.046570s)
VTK written for timestep  31582 (225.049408s)
VTK written for timestep  32284 (230.052246s)
VTK written for timestep  32986 (235.055099s)
VTK written for timestep  33688 (240.057938s)
VTK written for timestep  34390 (245.060791s)

Final Result:
  Wall:2826.74s  Phys:250.01s  Ratio: 0.088x
Binary file RHSX written for timestep  35084 (250.006622s)
Binary file RHSY written for timestep  35084 (250.006622s)
Binary file RHSZ written for timestep  35084 (250.006622s)
Binary file P written for timestep  35084 (250.006622s)
Binary file U written for timestep  35084 (250.006622s)
Binary file V written for timestep  35084 (250.006622s)
Binary file W written for timestep  35084 (250.006622s)
Binary file P written for timestep  35084 (250.006622s)
VTK written for timestep  35084 (250.006622s)

TOTAL TIME:    2827.5072s ( 0.8 hrs) (5.213 GFLOPS)
   Init:            3.1942s ( 0.11%)
   Finalize:        0.7671s ( 0.03%)
   Computation:  1629.4491s (57.63%)
   Exchange:     1194.0968s (42.23%)
 C Momentum:      277.3417s ( 9.82%)  ( 24.80 GFLOPS)
 C Divergence:      6.8025s ( 0.24%)  ( 40.24 GFLOPS)
 C Pressure:     2407.1656s (85.25%)  (  2.98 GFLOPS)
 C Correction:      9.7777s ( 0.35%)  ( 42.00 GFLOPS)
 C Obstacles:      51.1429s ( 1.81%)
 C Checkpoint:     12.8281s ( 0.45%)
 C Turb. Inflow:    0.1669s ( 0.01%)
 P Smoother:      935.0821s (38.85%)  (  6.01 GFLOPS)
 P Prolong:       265.7497s (11.04%)  (  0.86 GFLOPS)
 P Restrict:      234.8744s ( 9.76%)  (  5.67 GFLOPS)
 E Temp:            0.0000s ( 0.00%)
 E Temp BC:         0.0000s ( 0.00%)
 E Turb:            0.0000s ( 0.00%)
 E Turb BC:         0.0000s ( 0.00%)
 E Momentum:       59.9492s (14.00%)  (114.73 GFLOPS)
 E Mom BC:          5.1340s ( 1.20%)
 E Divergence:      6.2189s ( 1.45%)  ( 44.02 GFLOPS)
 E Correction:      9.2603s ( 2.16%)  ( 44.34 GFLOPS)
 E Jacobi:          0.0000s ( 0.00%)
 E GS:              0.0000s ( 0.00%)
 E wJacobi:       116.9834s (27.31%)  ( 48.03 GFLOPS)
 E PressureBC:     82.1531s (19.18%)
 E ZeroBC:          7.4579s ( 1.74%)
 E Laplacian:      15.4999s ( 3.62%)  ( 27.34 GFLOPS)
 E Restrict:       15.2526s ( 3.56%)  ( 59.53 GFLOPS)
 E Prolong:        62.0619s (14.49%)  (  3.67 GFLOPS)
 E IB Zero:        40.9518s ( 9.56%)
 E IB V BCs:        7.4366s ( 1.74%)
 E IB P BCs:        0.0000s ( 0.00%)
 E IB Nu BCs:       0.0000s ( 0.00%)
 E Filter Vel:      0.0000s ( 0.00%)
 E |S|:             0.0000s ( 0.00%)
 E Sij_diag         0.0000s ( 0.00%)
 E Sij_symm         0.0000s ( 0.00%)
 E F(|S|Sij)        0.0000s ( 0.00%)
 E Mij              0.0000s ( 0.00%)
 E Lij              0.0000s ( 0.00%)
 E LM and MM        0.0000s ( 0.00%)
 E LagDyn Eqns:     0.0000s ( 0.00%)
 E Extrap. Nu:      0.0000s ( 0.00%)
 E Iter. u_tau      0.0000s ( 0.00%)
 E Gen. Pert.:      0.0000s ( 0.00%)
 E Update Src       0.0000s ( 0.00%)
 E R_ij, i=j:       0.0000s ( 0.00%)
 E R_ij, i~j:       0.0000s ( 0.00%)
 E Dyn. Cs Avg:     0.0000s ( 0.00%)
 E Fluct. Avg:      0.0000s ( 0.00%)
 E Time Avg.:       0.0000s ( 0.00%)
 E Dissipation:     0.0000s ( 0.00%)
 E TKE:             0.0000s ( 0.00%)
 E Two-point:       0.0000s ( 0.00%)
 E Autocov:         0.0000s ( 0.00%)
 E Mdot Calc.:      0.0000s ( 0.00%)
 E Area Calc.:      0.0000s ( 0.00%)
 E Spat. avg xy:    0.0000s ( 0.00%)
 E Vol. Integral    0.0000s ( 0.00%)
 E GPU Mem:         0.0000s ( 0.00%)

Run ended successfully at local time: Mon Jul 24 18:14:35 2017
