*------------------------------------------------------------------------------*
*          GIN3D: GPU-accelerated Incompressible Navier-Stokes Solver          *
*------------------------------------------------------------------------------*
*   GIN3D is developed by the team members of the High Performance Simulation  *
*   Laboratory for Thermo-Fluids at Boise State University since 2007.         *
*   Contributors: Julien Thibault, Dana Jacobsen, Rey DeLeon, Clancy Umphrey,  *
*                 Inanc Senocak                                                *
*   The current version is intended for educational purposes only.             *
*------------------------------------------------------------------------------*

Run started at local time: Mon Jul 24 14:42:31 2017

Process 0/1 on node-04 using GPU 1/2 : Tesla K20m (4799.562MB)
Process 1/1 on node-04 using GPU 2/2 : Tesla K20m (4799.562MB)

Binary file RHSX written for timestep      0 (0.000000s)
Binary file RHSY written for timestep      0 (0.000000s)
Binary file RHSZ written for timestep      0 (0.000000s)
Binary file U written for timestep      0 (0.000000s)
Binary file V written for timestep      0 (0.000000s)
Binary file W written for timestep      0 (0.000000s)
Binary file P written for timestep      0 (0.000000s)
VTK written for timestep      0 (0.000000s)
Configuration:
#Output Setup
OutputFormat                  Binary
OutputFormat                  VTK
OutputPath                    results
OutputPrefix                  Cylinder
OutputFrequencyVTK1           100000
OutputFrequencyVTK2           5000000
OutputFrequencyVTKSwitch      2500000
OutputFrequencyText1          100000
OutputFrequencyText2          100000
OutputFrequencyTextSwitch     2500000
OutputTimeIntervalVTK1        100.000000
OutputTimeIntervalVTK2        25.000000
OutputTimeIntervalVTKSwitch   500.000000
OutputTimeIntervalText1       100000.000000
OutputTimeIntervalText2       500000.000000
OutputTimeIntervalTextSwitch  10000000.000000
OutputVariablesVTK            u p g z 
OutputVariablesTXT            u p 
MatrixData                    u
OutputPlane                   Mesh
OutputSlice                   0.500
Vorticity                     True
PrecursorSim                  False

#Mesh Definition
Grid                257 17 257
Dimensions          50.000000 0.500000 40.000000
ReferenceLength     1.000000

#Navier-Stokes Solver Parameters
Nu                          0.0100000
AdvectionScheme             0.0000000
CFL                         0.4000000
DTStability                 0.4000000
TimeMethod                  AdamsBash
StopTime                    250.000000
ConstTimeStep               -0.0015000
PressureCorrection          False
Forcing                     0.0000000 0.0000000 0.0000000
NumberForcingSegments       0

#Domain Boundary Conditions
Face_West                  Inlet
Face_East                  Outlet
Face_South                 Periodic
Face_North                 Periodic
Face_Bottom                FreeSlip
Face_Top                   FreeSlip
InletVelocities            0.2000000 0.0000000 0.0000000
OutletVelocities           0.2000000 0.0000000 0.0000000
ManualSetOutflowVelocity   False
PeriodicShift              0.000000
RecycleForInflow           False
RecycleUpdateTime          0.000000
RecyclePlaneX              0
RecyclePlaneY              0
ConstantMassFlowRate       False
NumberForcingRegions       1
ForcingRegionBounds        0.0 0.0
ForcingRegionFlowRate      0.0 0.0 0.0
Velocity_Reference         0.2000000
Roughness                  0.000100
DBStart                    0

PerturbTurbInflow          False

#Pressure Solver Setup
SolverMethod            Multigrid
MG_Cycle                V
MG_Smoother             Jacobi
MG_Loops                2
MG_Levels               3
MG_Jacobi_Weight        0.860
MG_SOR_Weight           1.000
MG_Smoother_Iterations  4 2

#Turbulence Parameters
TurbulenceModel     Laminar
TurbCS              0.1000000
FrictionVelocity    0.3470000
Zeta                3.0000000

#Complex Geometry
Obstruction       IB 0 190 190 231
IBNodeFile_U      /scratch/dustinma/ginTrialRun/bin/Cylinder/Cylinder_50mx0.5mx40m_513-17-513_ibnode_u.txt
IBNodeFile_V      /scratch/dustinma/ginTrialRun/bin/Cylinder/Cylinder_50mx0.5mx40m_513-17-513_ibnode_v.txt
IBNodeFile_W      /scratch/dustinma/ginTrialRun/bin/Cylinder/Cylinder_50mx0.5mx40m_513-17-513_ibnode_w.txt
IBNodeFile_S      /scratch/dustinma/ginTrialRun/bin/Cylinder/Cylinder_50mx0.5mx40m_513-17-513_ibnode_s.txt
IBFlagFile_U      /scratch/dustinma/ginTrialRun/bin/Cylinder/Cylinder_50mx0.5mx40m_513-17-513_flag_u.txt
IBFlagFile_V      /scratch/dustinma/ginTrialRun/bin/Cylinder/Cylinder_50mx0.5mx40m_513-17-513_flag_v.txt
IBFlagFile_W      /scratch/dustinma/ginTrialRun/bin/Cylinder/Cylinder_50mx0.5mx40m_513-17-513_flag_w.txt
IBFlagFile_S      /scratch/dustinma/ginTrialRun/bin/Cylinder/Cylinder_50mx0.5mx40m_513-17-513_flag_s.txt
DistanceField     /scratch/dustinma/ginTrialRun/bin/Cylinder/Cylinder_50mx0.5mx40m_513-17-513_distfield.dat
IBReconstruction Linear

#Initial Conditions
InitialCondition    ZeroField
VelocityUniformHeight      0.000000

#Temperature
SolveTemperature  False

#Time Series Options
EnsembleAvg         True
TurbStats               m 
StartingTime           18000.000000

#Variable Tracking
TrackInterval      0.007843
TrackCoordinates   0


Other Information:
   Total time steps requested = 1000000
   Single precision math
   CUDA thread block size: [32 16]   grid size [9 2 257]
   Padded Mesh: [NX NY NZ] = [288 32 257]
   Pressure Solver:
      Multigrid V-cycle 3 levels, 2 loops
      Weighted Jacobi  w=0.86  4,2 iterations

   [dx dy dz] = [0.196078434587 0.033333335072 0.156862750649]
   Reynolds                 20.00 (V_ref = 0.200000, L_ref = 1.000000)
   Prandtl                  350.140045
   Rayleigh                 0.000000
   Grashof                  0.000000
   Initial Temperature      371.575012
   Filter width             0.100835
   RANS Transition Height   0.605007


Single precision calculations
Features enabled (disabled if not listed):
 - Using CUDA Events
 - Intermediate output enabled
 - Initial condition output enabled
 - Final output enabled
 - Time step output enabled
 - Temperature solution enabled
 - Smagorinsky model enabled
 - Lagrangian Dynamic model enabled
 - Smagorinsky / RANS model enabled
 - Lagrangian Dynamic / RANS model enabled
 - Mason Thomson model enabled
 - Blended RANS/LES transition
      Exponential blending function
      Blended mixing lengths formulation
 - Two-point reconstruction immersed boundary method
 - Schumann Wall Model enabled
      Wall model evaluated at 3 grid points off wall
      Wall-parallel velocity components only for wall model
 - Constant mass flow rate correction enabled
 - Shear stress output enabled
 - Temperature perturbation turbulent inflow enabled
      Transport equation for perturbed temperature enabled
      Perturbation applied via source term in transport equation
      Amplitude normalized by update interval
      Local velocity update intervals for perturbed temperature inflow enabled
      Ri amplitude formulation for perturbed temperature inflow enabled
      Average velocity formulation
      Partial domain velocity-temperature coupling for perturbed temperature inflow enabled
         Partial domain is 2 times perturbation zone depth
 - Actuator disk model non-rotational enabled

--------------- 

Hard-coded constants:
  - Log Law Intercept:     5.2000000000000002
  - Inverse von Karman:    2.4390243902439024

--------------- 

Simulations GIN3D is ready for:
 - Laminar Flow with the following immersed boundary schemes: 
       two-point 
 - LES of Turbulent Flow with the following immersed boundary schemes: 
       two-point 
 - Hybrid RANS/LES of Turbulent Flow with the following immersed boundary schemes: 
       two-point 


Maximum memory allocated on a GPU: 92.181MB
Memory Allocation Per GPU:
    Proc 0: 91.474MB  Proc 1: 92.181MB
Memory Allocation Breakdown (Individual GPU):
  Full Grids (20):
    Proc 0: 91.406MB  Proc 1: 92.109MB
  Planes:        0.035MB 
  Ref. Points:   0.000MB 
  Profiles:      0.000MB 
  IB Nodes:
    Proc 0: 0.032MB  Proc 1: 0.036MB

VTK written for timestep   4223 (100.008904s)
VTK written for timestep   8398 (200.026413s)

Final Result:
  Wall:897.10s  Phys:250.02s  Ratio: 0.28x
Binary file RHSX written for timestep  10485 (250.023193s)
Binary file RHSY written for timestep  10485 (250.023193s)
Binary file RHSZ written for timestep  10485 (250.023193s)
Binary file P written for timestep  10485 (250.023193s)
Binary file U written for timestep  10485 (250.023193s)
Binary file V written for timestep  10485 (250.023193s)
Binary file W written for timestep  10485 (250.023193s)
Binary file P written for timestep  10485 (250.023193s)
VTK written for timestep  10485 (250.023193s)

TOTAL TIME:     897.8001s ( 0.2 hrs) (4.907 GFLOPS)
   Init:            3.5645s ( 0.40%)
   Finalize:        0.7013s ( 0.08%)
   Computation:   478.6981s (53.32%)
   Exchange:      414.8362s (46.21%)
 C Momentum:       66.4603s ( 7.44%)  ( 30.93 GFLOPS)
 C Divergence:      2.1596s ( 0.24%)  ( 37.88 GFLOPS)
 C Pressure:      791.6376s (88.60%)  (  2.71 GFLOPS)
 C Correction:      2.8255s ( 0.32%)  ( 43.43 GFLOPS)
 C Obstacles:      10.6231s ( 1.19%)
 C Checkpoint:      0.7138s ( 0.08%)
 C Turb. Inflow:    0.0495s ( 0.01%)
 P Smoother:      319.3274s (40.34%)  (  5.26 GFLOPS)
 P Prolong:        89.2572s (11.28%)  (  0.76 GFLOPS)
 P Restrict:       60.5067s ( 7.64%)  (  6.58 GFLOPS)
 E Temp:            0.0000s ( 0.00%)
 E Temp BC:         0.0000s ( 0.00%)
 E Turb:            0.0000s ( 0.00%)
 E Turb BC:         0.0000s ( 0.00%)
 E Momentum:       14.4987s (12.31%)  (141.78 GFLOPS)
 E Mom BC:          1.1523s ( 0.98%)
 E Divergence:      1.7904s ( 1.52%)  ( 45.70 GFLOPS)
 E Correction:      2.6489s ( 2.25%)  ( 46.33 GFLOPS)
 E Jacobi:          0.0000s ( 0.00%)
 E GS:              0.0000s ( 0.00%)
 E wJacobi:        34.9198s (29.66%)  ( 48.08 GFLOPS)
 E PressureBC:     23.6774s (20.11%)
 E ZeroBC:          2.1664s ( 1.84%)
 E Laplacian:       4.4208s ( 3.75%)  ( 28.65 GFLOPS)
 E Restrict:        4.4007s ( 3.74%)  ( 61.67 GFLOPS)
 E Prolong:        18.1686s (15.43%)  (  3.75 GFLOPS)
 E IB Zero:         7.6403s ( 6.49%)
 E IB V BCs:        2.2516s ( 1.91%)
 E IB P BCs:        0.0000s ( 0.00%)
 E IB Nu BCs:       0.0000s ( 0.00%)
 E Filter Vel:      0.0000s ( 0.00%)
 E |S|:             0.0000s ( 0.00%)
 E Sij_diag         0.0000s ( 0.00%)
 E Sij_symm         0.0000s ( 0.00%)
 E F(|S|Sij)        0.0000s ( 0.00%)
 E Mij              0.0000s ( 0.00%)
 E Lij              0.0000s ( 0.00%)
 E LM and MM        0.0000s ( 0.00%)
 E LagDyn Eqns:     0.0000s ( 0.00%)
 E Extrap. Nu:      0.0000s ( 0.00%)
 E Iter. u_tau      0.0000s ( 0.00%)
 E Gen. Pert.:      0.0000s ( 0.00%)
 E Update Src       0.0000s ( 0.00%)
 E R_ij, i=j:       0.0000s ( 0.00%)
 E R_ij, i~j:       0.0000s ( 0.00%)
 E Dyn. Cs Avg:     0.0000s ( 0.00%)
 E Fluct. Avg:      0.0000s ( 0.00%)
 E Time Avg.:       0.0000s ( 0.00%)
 E Dissipation:     0.0000s ( 0.00%)
 E TKE:             0.0000s ( 0.00%)
 E Two-point:       0.0000s ( 0.00%)
 E Autocov:         0.0000s ( 0.00%)
 E Mdot Calc.:      0.0000s ( 0.00%)
 E Area Calc.:      0.0000s ( 0.00%)
 E Spat. avg xy:    0.0000s ( 0.00%)
 E Vol. Integral    0.0000s ( 0.00%)
 E GPU Mem:         0.0000s ( 0.00%)

Run ended successfully at local time: Mon Jul 24 14:57:29 2017
